<?xml version="1.0" encoding="UTF-8"?>
<testng-results skipped="0" failed="0" ignored="0" total="2" passed="2">
  <reporter-output>
  </reporter-output>
  <suite name="Default suite" duration-ms="20942" started-at="2022-02-09T06:57:22Z" finished-at="2022-02-09T06:57:43Z">
    <groups>
    </groups>
    <test name="Default test" duration-ms="20942" started-at="2022-02-09T06:57:22Z" finished-at="2022-02-09T06:57:43Z">
      <class name="testCases.LoginPageTest">
        <test-method status="PASS" signature="setUp()[pri:0, instance:testCases.LoginPageTest@12b0404f]" name="setUp" is-config="true" duration-ms="3142" started-at="2022-02-09T06:57:22Z" finished-at="2022-02-09T06:57:25Z">
          <reporter-output>
          </reporter-output>
        </test-method> <!-- setUp -->
        <test-method status="PASS" signature="LoginTest()[pri:1, instance:testCases.LoginPageTest@12b0404f]" name="LoginTest" duration-ms="4820" started-at="2022-02-09T06:57:25Z" finished-at="2022-02-09T06:57:30Z">
          <reporter-output>
          </reporter-output>
        </test-method> <!-- LoginTest -->
        <test-method status="PASS" signature="tearDown()[pri:0, instance:testCases.LoginPageTest@12b0404f]" name="tearDown" is-config="true" duration-ms="707" started-at="2022-02-09T06:57:30Z" finished-at="2022-02-09T06:57:30Z">
          <reporter-output>
          </reporter-output>
        </test-method> <!-- tearDown -->
        <test-method status="PASS" signature="setUp()[pri:0, instance:testCases.LoginPageTest@12b0404f]" name="setUp" is-config="true" duration-ms="2439" started-at="2022-02-09T06:57:30Z" finished-at="2022-02-09T06:57:33Z">
          <reporter-output>
          </reporter-output>
        </test-method> <!-- setUp -->
        <test-method status="PASS" signature="LoginPageTitleTest()[pri:2, instance:testCases.LoginPageTest@12b0404f]" name="LoginPageTitleTest" duration-ms="7768" started-at="2022-02-09T06:57:33Z" finished-at="2022-02-09T06:57:41Z">
          <reporter-output>
          </reporter-output>
        </test-method> <!-- LoginPageTitleTest -->
        <test-method status="PASS" signature="tearDown()[pri:0, instance:testCases.LoginPageTest@12b0404f]" name="tearDown" is-config="true" duration-ms="2034" started-at="2022-02-09T06:57:41Z" finished-at="2022-02-09T06:57:43Z">
          <reporter-output>
          </reporter-output>
        </test-method> <!-- tearDown -->
      </class> <!-- testCases.LoginPageTest -->
    </test> <!-- Default test -->
  </suite> <!-- Default suite -->
</testng-results>
